\BOOKMARK [0][-]{chapter.1}{Foundations}{}% 1
\BOOKMARK [1][-]{section.1.1}{Introduction}{chapter.1}% 2
\BOOKMARK [2][-]{subsection.1.1.1}{Mechanisms}{section.1.1}% 3
\BOOKMARK [1][-]{section.1.2}{Theory}{chapter.1}% 4
\BOOKMARK [2][-]{subsection.1.2.1}{Typology of Relationships}{section.1.2}% 5
\BOOKMARK [1][-]{section.1.3}{Critical Review}{chapter.1}% 6
\BOOKMARK [2][-]{subsection.1.3.1}{Lena}{section.1.3}% 7
\BOOKMARK [2][-]{subsection.1.3.2}{Kuhn}{section.1.3}% 8
\BOOKMARK [2][-]{subsection.1.3.3}{Collins}{section.1.3}% 9
\BOOKMARK [2][-]{subsection.1.3.4}{Abbott}{section.1.3}% 10
\BOOKMARK [2][-]{subsection.1.3.5}{Bourdieu}{section.1.3}% 11
\BOOKMARK [1][-]{section.1.4}{Historical Case: U.S. Social Sciences, 1900-1942}{chapter.1}% 12
\BOOKMARK [1][-]{section.1.5}{Empirical Foundations}{chapter.1}% 13
\BOOKMARK [2][-]{subsection.1.5.1}{Study 1: Ordered Diffusion of Disciplinary Bases}{section.1.5}% 14
\BOOKMARK [2][-]{subsection.1.5.2}{Study 2: Settlement of the Citation Landscape}{section.1.5}% 15
\BOOKMARK [2][-]{subsection.1.5.3}{Study 3: Subdiscipline Formation}{section.1.5}% 16
\BOOKMARK [2][-]{subsection.1.5.4}{Study 4: Survival of Knowledge}{section.1.5}% 17
\BOOKMARK [2][-]{subsection.1.5.5}{Study 5: Genre Signaling}{section.1.5}% 18
\BOOKMARK [1][-]{section*.4}{References}{chapter.1}% 19
\BOOKMARK [0][-]{chapter.2}{Data}{}% 20
\BOOKMARK [1][-]{section.2.1}{A lexical sample}{chapter.2}% 21
\BOOKMARK [1][-]{section.2.2}{Sources}{chapter.2}% 22
\BOOKMARK [2][-]{subsection.2.2.1}{Google Books}{section.2.2}% 23
\BOOKMARK [2][-]{subsection.2.2.2}{Thompson Reuters Web of Knowledge}{section.2.2}% 24
\BOOKMARK [2][-]{subsection.2.2.3}{JSTOR Data for Research}{section.2.2}% 25
\BOOKMARK [1][-]{section.2.3}{Research Databases}{chapter.2}% 26
\BOOKMARK [2][-]{subsection.2.3.1}{Sample Selection}{section.2.3}% 27
\BOOKMARK [2][-]{subsection.2.3.2}{Entity Recognition}{section.2.3}% 28
\BOOKMARK [2][-]{subsection.2.3.3}{Formats}{section.2.3}% 29
\BOOKMARK [1][-]{section.2.4}{Drawer}{chapter.2}% 30
\BOOKMARK [0][-]{chapter.3}{Ordered Diffusion of Disciplinary Bases: A Time Series Analysis}{}% 31
\BOOKMARK [1][-]{section.3.1}{Introduction}{chapter.3}% 32
\BOOKMARK [2][-]{subsection.3.1.1}{Genre}{section.3.1}% 33
\BOOKMARK [1][-]{section.3.2}{Temporal Sequencing Methods}{chapter.3}% 34
\BOOKMARK [2][-]{subsection.3.2.1}{Series}{section.3.2}% 35
\BOOKMARK [2][-]{subsection.3.2.2}{ARIMA model}{section.3.2}% 36
\BOOKMARK [2][-]{subsection.3.2.3}{Granger Causality}{section.3.2}% 37
\BOOKMARK [1][-]{section.3.3}{Results}{chapter.3}% 38
\BOOKMARK [1][-]{section.3.4}{Which came first?}{chapter.3}% 39
\BOOKMARK [1][-]{section*.6}{References}{chapter.3}% 40
\BOOKMARK [0][-]{chapter.4}{Settlement of Citation Landscape}{}% 41
\BOOKMARK [0][-]{chapter.5}{Subdiscipline Formation}{}% 42
\BOOKMARK [1][-]{section.5.1}{Introduction}{chapter.5}% 43
\BOOKMARK [1][-]{section.5.2}{Compiling Database from Source Records}{chapter.5}% 44
\BOOKMARK [2][-]{subsection.5.2.1}{Thomson Reuters Web of Knowledge}{section.5.2}% 45
\BOOKMARK [2][-]{subsection.5.2.2}{JSTOR Data for Research}{section.5.2}% 46
\BOOKMARK [1][-]{section.5.3}{Identity Resolution}{chapter.5}% 47
\BOOKMARK [1][-]{section.5.4}{Formatting}{chapter.5}% 48
\BOOKMARK [2][-]{subsection.5.4.1}{Flat File}{section.5.4}% 49
\BOOKMARK [2][-]{subsection.5.4.2}{Network Formats}{section.5.4}% 50
\BOOKMARK [2][-]{subsection.5.4.3}{Bag of Words}{section.5.4}% 51
\BOOKMARK [2][-]{subsection.5.4.4}{Merging}{section.5.4}% 52
\BOOKMARK [2][-]{subsection.5.4.5}{Survival}{section.5.4}% 53
\BOOKMARK [1][-]{section.5.5}{Analytical Method}{chapter.5}% 54
\BOOKMARK [2][-]{subsection.5.5.1}{Clique Percolation}{section.5.5}% 55
\BOOKMARK [2][-]{subsection.5.5.2}{Topic Modelling}{section.5.5}% 56
\BOOKMARK [2][-]{subsection.5.5.3}{Survival Analysis}{section.5.5}% 57
\BOOKMARK [1][-]{section.5.6}{Reporting}{chapter.5}% 58
\BOOKMARK [0][-]{chapter.6}{Survival of Knowledge}{}% 59
\BOOKMARK [0][-]{chapter.7}{Genre Signaling}{}% 60
\BOOKMARK [0][-]{chapter.8}{Conclusion}{}% 61
\BOOKMARK [1][-]{section.8.1}{Summary of Findings}{chapter.8}% 62
\BOOKMARK [1][-]{section.8.2}{Limitations}{chapter.8}% 63
\BOOKMARK [1][-]{section.8.3}{Conclusion}{chapter.8}% 64
\BOOKMARK [0][-]{chapter.9}{Appendices}{}% 65
\BOOKMARK [1][-]{section.9.1}{Plagiat}{chapter.9}% 66
\BOOKMARK [1][-]{section.9.2}{Reproducible Software Container}{chapter.9}% 67
\BOOKMARK [0][-]{chapter*.7}{References}{}% 68
